<?xml version="1.0" encoding="UTF-8"?>
<testsuites name="Mocha Tests" time="0" tests="1" failures="1">
  <testsuite name="Root Suite" timestamp="2019-11-25T14:32:56" tests="0" failures="0" time="0">
  </testsuite>
  <testsuite name="Website Test" timestamp="2019-11-25T14:32:56" tests="1" failures="1" time="0">
    <testcase name="Website Test should contain website title" time="0" classname="should contain website title">
      <failure message="cy.visit() was called with an invalid method: &apos;undefined&apos;. Method can only be GET or POST." type="CypressError"><![CDATA[CypressError: cy.visit() was called with an invalid method: 'undefined'. Method can only be GET or POST.
    at Object.cypressErr (http://localhost:3000/__cypress/runner/cypress_runner.js:104968:11)
    at Object.throwErr (http://localhost:3000/__cypress/runner/cypress_runner.js:104923:18)
    at Object.throwErrByPath (http://localhost:3000/__cypress/runner/cypress_runner.js:104955:17)
    at Context.visit (http://localhost:3000/__cypress/runner/cypress_runner.js:90834:16)
    at http://localhost:3000/__cypress/runner/cypress_runner.js:100145:33
    at tryCatcher (http://localhost:3000/__cypress/runner/cypress_runner.js:139045:23)
    at Promise._settlePromiseFromHandler (http://localhost:3000/__cypress/runner/cypress_runner.js:136981:31)
    at Promise._settlePromise (http://localhost:3000/__cypress/runner/cypress_runner.js:137038:18)
    at Promise._settlePromiseCtx (http://localhost:3000/__cypress/runner/cypress_runner.js:137075:10)
    at Async../node_modules/bluebird/js/release/async.js.Async._drainQueue (http://localhost:3000/__cypress/runner/cypress_runner.js:133775:12)
    at Async../node_modules/bluebird/js/release/async.js.Async._drainQueues (http://localhost:3000/__cypress/runner/cypress_runner.js:133780:10)
    at Async.drainQueues (http://localhost:3000/__cypress/runner/cypress_runner.js:133654:14)]]></failure>
    </testcase>
  </testsuite>
</testsuites>